make.exe all --print-data-base --no-builtin-variables --no-builtin-rules --question
make: *** No rule to make target 'e:\msys\micro\10 2021.10\lib\gcc\arm-none-eabi\10.3.1\include\stdint.h', needed by 'gcc/main.o'.  Stop.

# GNU Make 4.3
# Built for x86_64-pc-msys
# Copyright (C) 1988-2020 Free Software Foundation, Inc.
# License GPLv3+: GNU GPL version 3 or later <http://gnu.org/licenses/gpl.html>
# This is free software: you are free to change and redistribute it.
# There is NO WARRANTY, to the extent permitted by law.

# Make data base, printed on Tue Oct 25 13:25:57 2022

# Variables

# environment
SYSTEMDRIVE = C:
# environment
LC_ALL = C
# makefile (from 'makedefs', line 116)
AR = ${PREFIX}-ar
# environment
USERPROFILE = C:\Users\lineb
# environment
MKL_SERIAL = YES
# environment
LOCALAPPDATA = C:\Users\lineb\AppData\Local
# makefile (from 'Makefile', line 44)
VPATH = ../drivers ../../../utils
# environment
VSCODE_CWD = D:\Visual Studio\Microsoft VS Code
# environment
CHOCOLATEYINSTALL = C:\ProgramData\chocolatey
# environment
SYSTEMROOT = C:\WINDOWS
# environment
PROCESSOR_LEVEL = 23
# environment
PSMODULEPATH = C:\Program Files\WindowsPowerShell\Modules;C:\WINDOWS\system32\WindowsPowerShell\v1.0\Modules;C:\Program Files (x86)\Microsoft SQL Server\120\Tools\PowerShell\Modules\
# makefile (from 'Makefile', line 50)
IPATH = .. ../../..
# default
MAKE_COMMAND := make
# automatic
@D = $(patsubst %/,%,$(dir $@))
# environment
CHROME_CRASHPAD_PIPE_NAME = \\.\pipe\crashpad_29340_ESWSWJKHKUPIDFJD
# environment
VSCODE_HANDLES_UNCAUGHT_ERRORS = true
# default
.VARIABLES := 
# makefile (from 'Makefile', line 88)
ENTRY_main = ResetISR
# automatic
%D = $(patsubst %/,%,$(dir $%))
# environment
SW_SIM_HYDRA = C:\Program Files\Common Files\SolidWorks Shared\Simulation Worker Agent\
# automatic
^D = $(patsubst %/,%,$(dir $^))
# automatic
%F = $(notdir $%)
# environment
VSCODE_CODE_CACHE_PATH = C:\Users\lineb\AppData\Roaming\Code\CachedData\d045a5eda657f4d7b676dedbfa7aab8207f8a075
# environment
LANG = C
# default
.LOADED := 
# environment
TMP = /c/Users/lineb/AppData/Local/Temp
# default
.INCLUDE_DIRS = /usr/include /usr/include
# makefile
MAKEFLAGS = pqrR
# environment
ONEDRIVE = D:\OneDrive
# makefile
CURDIR := /d/UAQ/Septimo_Semestre/Microcontroladores/Practica_2
# makefile (from 'makedefs', line 141)
LIBM := d:/gnu/10 2021.10/bin/../lib/gcc/arm-none-eabi/10.3.1/../../../../arm-none-eabi/lib/thumb/v7e-m+fp/softfp/libm.a
# makefile (from 'makedefs', line 136)
LIBC := d:/gnu/10 2021.10/bin/../lib/gcc/arm-none-eabi/10.3.1/../../../../arm-none-eabi/lib/thumb/v7e-m+fp/softfp/libc.a
# environment
APPLICATION_INSIGHTS_NO_DIAGNOSTIC_CHANNEL = 1
# automatic
*D = $(patsubst %/,%,$(dir $*))
# environment
PROGRAMFILES = C:\Program Files
# environment
MFLAGS = -pqrR
# default
.SHELLFLAGS := -c
# environment
COMMONPROGRAMW6432 = C:\Program Files\Common Files
# automatic
+D = $(patsubst %/,%,$(dir $+))
# makefile (from 'gcc/startup_gcc.d', line 1)
MAKEFILE_LIST := Makefile makedefs gcc/GPIO.d gcc/PLL_CONFIG.d gcc/SysTick_Init.d gcc/main.d gcc/startup_gcc.d
# automatic
@F = $(notdir $@)
# environment
VSCODE_PID = 29340
# automatic
?D = $(patsubst %/,%,$(dir $?))
# environment
ONLINESERVICES = Online Services
# automatic
*F = $(notdir $*)
# environment
SW_SIM_TEMP = C:\ProgramData\SOLIDWORKS\SW_net_sim_temp\
# automatic
<D = $(patsubst %/,%,$(dir $<))
# environment
VSCODE_NLS_CONFIG = {"locale":"es-419","availableLanguages":{},"_languagePackSupport":true}
# environment
ONEDRIVECONSUMER = D:\OneDrive
# default
MAKE_HOST := x86_64-pc-msys
# makefile (from 'makedefs', line 55)
COMPILER = gcc
# environment
PROGRAMDATA = C:\ProgramData
# default
SHELL := /bin/sh
# environment
HOMEPATH = \Users\lineb
# default
MAKECMDGOALS := all
# makefile (from 'Makefile', line 89)
CFLAGSgcc = -DTARGET_IS_TM4C123_RB1
# environment
DRIVERDATA = C:\Windows\System32\Drivers\DriverData
# environment
COMSPEC = C:\WINDOWS\system32\cmd.exe
# environment
WINDIR = C:\WINDOWS
# environment
MAKELEVEL := 0
# default
MAKE = $(MAKE_COMMAND)
# environment
PATH = /c/Program Files (x86)/NVIDIA Corporation/PhysX/Common:/c/WINDOWS/system32:/c/WINDOWS:/c/WINDOWS/System32/Wbem:/c/WINDOWS/System32/WindowsPowerShell/v1.0:/c/WINDOWS/System32/OpenSSH:/d/Lyx/miktex/bin:/d/Programas/LyX 2.2/Perl/bin:/d/MIKTEX/miktex/bin/x64:/d/CSC/PICC:/d/MPLAB/MPLAB C32 Suite/bin:/c/Program Files/Microsoft SQL Server/Client SDK/ODBC/110/Tools/Binn:/c/Program Files (x86)/Microsoft SQL Server/120/Tools/Binn:/c/Program Files/Microsoft SQL Server/120/Tools/Binn:/c/Program Files/Microsoft SQL Server/120/DTS/Binn:/c/Program Files (x86)/Windows Kits/8.1/Windows Performance Toolkit:/d/Matlab/runtime/win64:/d/Matlab/bin:/d/Matlab/polyspace/bin:/mingw64/bin:/usr/bin:/c/Program Files/Git/cmd:/c/ProgramData/chocolatey/bin:/c/ProgramData/chocolatey/lib/openocd/tools/OpenOCD-20211118-0.11.0/bin:/d/GNU/10 2021.10/bin:/d/Nueva carpeta/10 2021.10/bin:/c/Users/lineb/AppData/Local/Microsoft/WindowsApps:/d/Visual Studio/Microsoft VS Code/bin
# environment
COMPUTERNAME = LAPTOP-9S2A9B9A
# default
MAKEFILES := 
# environment
KMP_DUPLICATE_LIB_OK = TRUE
# automatic
^F = $(notdir $^)
# environment
SW_SIM_MPIT = INTELMPI
# makefile (from 'makedefs', line 88)
FPU = -mfpu=fpv4-sp-d16 -mfloat-abi=softfp
# environment
PROMPT = $P$G
# environment
CHOCOLATEYLASTPATHUPDATE = 133055018095097864
# makefile (from 'Makefile', line 28)
PART = TM4C123GH6PM
# makefile (from 'makedefs', line 47)
os := MSYS_NT-10.0-22000
# makefile (from 'Makefile', line 33)
ROOT = ../../..
# makefile (from 'makedefs', line 167)
AFLAGS = -mthumb ${CPU} ${FPU} -MD ${patsubst %,-I%,${subst :, ,${IPATH}}}
# makefile (from 'makedefs', line 69)
PREFIX := arm-none-eabi
# environment
LOGONSERVER = \\LAPTOP-9S2A9B9A
# makefile (from 'makedefs', line 131)
LIBGCC := d:/gnu/10 2021.10/bin/../lib/gcc/arm-none-eabi/10.3.1/thumb/v7e-m+fp/softfp/libgcc.a
# environment
USERNAME = lineb
# makefile (from 'makedefs', line 87)
CPU = -mcpu=cortex-m4
# environment
COMMONPROGRAMFILES = C:\Program Files\Common Files
# makefile (from 'makedefs', line 82)
ARMGCC_ROOT := /d/GNU/10 2021.10/bin/..
# automatic
?F = $(notdir $?)
# environment
PROGRAMW6432 = C:\Program Files
# makefile (from 'Makefile', line 87)
SCATTERgcc_main = main.ld
# environment
PATHEXT = .COM;.EXE;.BAT;.CMD;.VBS;.VBE;.JS;.JSE;.WSF;.WSH;.MSC
# automatic
+F = $(notdir $+)
# environment
ORIGINAL_XDG_CURRENT_DESKTOP = undefined
# environment
USERDOMAIN = LAPTOP-9S2A9B9A
# 'override' directive
GNUMAKEFLAGS := 
# environment
OS = Windows_NT
# makefile
.DEFAULT_GOAL := all
# default
MAKE_VERSION := 4.3
# 'override' directive
.SHELLSTATUS := 0
# environment
PLATFORMCODE = KV
# environment
PROGRAMFILES(X86) = C:\Program Files (x86)
# makefile (from 'makedefs', line 126)
LDFLAGS = --gc-sections
# environment
!D: = d:\UAQ\Septimo_Semestre\Microcontroladores\Practica_2
# environment
USERDOMAIN_ROAMINGPROFILE = LAPTOP-9S2A9B9A
# environment
NUMBER_OF_PROCESSORS = 8
# environment
PUBLIC = C:\Users\Public
# environment
APPDATA = C:\Users\lineb\AppData\Roaming
# makefile (from 'makedefs', line 168)
CFLAGS = -mthumb ${CPU} ${FPU} -ffunction-sections -fdata-sections -MD -std=c11 -Wall -pedantic -DPART_${PART} -c -Os ${CFLAGSgcc} ${patsubst %,-I%,${subst :, ,${IPATH}}}
# environment
HOMEDRIVE = C:
# environment
PROCESSOR_ARCHITECTURE = AMD64
# environment
VSCODE_AMD_ENTRYPOINT = vs/workbench/api/node/extensionHostProcess
# environment
HOME = /home/lineb
# environment
COMMONPROGRAMFILES(X86) = C:\Program Files (x86)\Common Files
# environment
ELECTRON_RUN_AS_NODE = 1
# environment
TEMP = /c/Users/lineb/AppData/Local/Temp
# environment
VSCODE_IPC_HOOK = \\.\pipe\641b569f5172309db14fb741bf0bc63b-1.72.2-main-sock
# environment
TERM = xterm-256color
# default
.RECIPEPREFIX := 
# automatic
<F = $(notdir $<)
# default
SUFFIXES := 
# environment
ALLUSERSPROFILE = C:\ProgramData
# makefile (from 'makedefs', line 121)
LD = ${PREFIX}-ld
# environment
SESSIONNAME = Console
# environment
MUPAD_SWP_310 = C:\swp55\MuPAD
# default
.FEATURES := target-specific order-only second-expansion else-if shortest-stem undefine oneshell nocomment grouped-target extra-prereqs archives jobserver output-sync check-symlink load
# environment
REGIONCODE = LA
# environment
PROCESSOR_REVISION = 1801
# makefile (from 'makedefs', line 75)
CC = ${PREFIX}-gcc
# makefile (from 'makedefs', line 146)
OBJCOPY = ${PREFIX}-objcopy
# environment
PROCESSOR_IDENTIFIER = AMD64 Family 23 Model 24 Stepping 1, AuthenticAMD
# variable set hash-table stats:
# Load=125/1024=12%, Rehash=0, Collisions=23/256=9%

# Pattern-specific Variable Values

# No pattern-specific variable values.

# Directories

# ../drivers: could not be stat'd.
# gcc (device 4034170429, inode 562949953458069): 14 files, no impossibilities.
# . (device 4034170429, inode 562949953457988): 18 files, no impossibilities.
# ../../../utils: could not be stat'd.

# 32 files, no impossibilities in 4 directories.

# Implicit Rules

gcc/%.o: %.c
#  recipe to execute (from 'makedefs', line 174):
	@if [ 'x${VERBOSE}' = x ];                            \
	 then                                                 \
	     echo "  CC    ${<}";                             \
	 else                                                 \
	     echo ${CC} ${CFLAGS} -D${COMPILER} -o ${@} ${<}; \
	 fi
	@${CC} ${CFLAGS} -D${COMPILER} -o ${@} ${<}

gcc/%.o: %.S
#  recipe to execute (from 'makedefs', line 192):
	@if [ 'x${VERBOSE}' = x ];                               \
	 then                                                    \
	     echo "  AS    ${<}";                                \
	 else                                                    \
	     echo ${CC} ${AFLAGS} -D${COMPILER} -o ${@} -c ${<}; \
	 fi
	@${CC} ${AFLAGS} -D${COMPILER} -o ${@} -c ${<}

gcc/%.a:
#  recipe to execute (from 'makedefs', line 210):
	@if [ 'x${VERBOSE}' = x ];     \
	 then                          \
	     echo "  AR    ${@}";      \
	 else                          \
	     echo ${AR} -cr ${@} ${^}; \
	 fi
	@${AR} -cr ${@} ${^}

gcc/%.axf:
#  recipe to execute (from 'makedefs', line 222):
	@if [ 'x${SCATTERgcc_${notdir ${@:.axf=}}}' = x ];                    \
	 then                                                                 \
	     ldname="${ROOT}/build/standalone.ld";                              \
	 else                                                                 \
	     ldname="${SCATTERgcc_${notdir ${@:.axf=}}}";                     \
	 fi;                                                                  \
	 if [ 'x${VERBOSE}' = x ];                                            \
	 then                                                                 \
	     echo "  LD    ${@} ${LNK_SCP}";                                  \
	 else                                                                 \
	     echo ${LD} -T $${ldname}                                         \
	          --entry ${ENTRY_${notdir ${@:.axf=}}}                       \
	          ${LDFLAGSgcc_${notdir ${@:.axf=}}}                          \
	          ${LDFLAGS} -o ${@} $(filter %.o %.a, ${^})                  \
	          '${LIBM}' '${LIBC}' '${LIBGCC}';                            \
	 fi;                                                                  \
	${LD} -T $${ldname}                                                   \
	      --entry ${ENTRY_${notdir ${@:.axf=}}}                           \
	      ${LDFLAGSgcc_${notdir ${@:.axf=}}}                              \
	      ${LDFLAGS} -o ${@} $(filter %.o %.a, ${^})                      \
	      '${LIBM}' '${LIBC}' '${LIBGCC}'
	@${OBJCOPY} -O binary ${@} ${@:.axf=.bin}

# 4 implicit rules, 0 (0.0%) terminal.
# Files

# Not a target:
e:\msys\micro\10 2021.10\arm-none-eabi\include\sys\string.h:
#  Implicit rule search has not been done.
#  Modification time never checked.
#  File has not been updated.

# Not a target:
lib/include.h:
#  Implicit rule search has been done.
#  Last modified 2022-10-25 13:25:14.6600539
#  File has been updated.
#  Successfully updated.

# Not a target:
e:\msys\micro\10 2021.10\lib\gcc\arm-none-eabi\10.3.1\include\stdint.h:
#  Implicit rule search has been done.
#  File does not exist.
#  File has not been updated.

# Not a target:
makedefs:
#  Implicit rule search has been done.
#  Last modified 2022-10-25 13:25:14.690061
#  File has been updated.
#  Successfully updated.

# Not a target:
e:\msys\micro\10 2021.10\arm-none-eabi\include\sys\lock.h:
#  Implicit rule search has not been done.
#  Modification time never checked.
#  File has not been updated.

# Not a target:
e:\msys\micro\10 2021.10\arm-none-eabi\include\sys\_types.h:
#  Implicit rule search has not been done.
#  Modification time never checked.
#  File has not been updated.

# Not a target:
lib/hw_nvic.h:
#  Implicit rule search has not been done.
#  Modification time never checked.
#  File has not been updated.

# Not a target:
e:\msys\micro\10 2021.10\arm-none-eabi\include\string.h:
#  Implicit rule search has not been done.
#  Modification time never checked.
#  File has not been updated.

# Not a target:
SysTick_Init.c:
#  Implicit rule search has not been done.
#  Modification time never checked.
#  File has not been updated.

# Not a target:
e:\msys\micro\10 2021.10\lib\gcc\arm-none-eabi\10.3.1\include\stddef.h:
#  Implicit rule search has not been done.
#  Modification time never checked.
#  File has not been updated.

# Not a target:
gcc/main.d:
#  Implicit rule search has been done.
#  Last modified 2022-10-25 13:25:14.5900357
#  File has been updated.
#  Successfully updated.

# Not a target:
gcc/PLL_CONFIG.d:
#  Implicit rule search has been done.
#  Last modified 2022-10-25 13:25:14.5500241
#  File has been updated.
#  Successfully updated.

# Not a target:
gcc/SysTick_Init.d:
#  Implicit rule search has been done.
#  Last modified 2022-10-25 13:25:14.5600275
#  File has been updated.
#  Successfully updated.

# makefile (from 'Makefile', line 62)
debug: CFLAGS += -g -D DEBUG
debug: gcc gcc/main.axf
#  Implicit rule search has not been done.
#  Modification time never checked.
#  File has not been updated.
# variable set hash-table stats:
# Load=1/32=3%, Rehash=0, Collisions=0/3=0%

# Not a target:
Makefile:
#  Implicit rule search has been done.
#  Last modified 2022-10-25 13:25:14.5100148
#  File has been updated.
#  Successfully updated.

# Not a target:
lib/GPIO.h:
#  Implicit rule search has not been done.
#  Modification time never checked.
#  File has not been updated.

# Not a target:
e:\msys\micro\10 2021.10\arm-none-eabi\include\_newlib_version.h:
#  Implicit rule search has not been done.
#  Modification time never checked.
#  File has not been updated.

# Not a target:
e:\msys\micro\10 2021.10\arm-none-eabi\include\newlib.h:
#  Implicit rule search has not been done.
#  Modification time never checked.
#  File has not been updated.

# Not a target:
lib/TM4C123GH6PM.h:
#  Implicit rule search has not been done.
#  Modification time never checked.
#  File has not been updated.

# Not a target:
GPIO.c:
#  Implicit rule search has not been done.
#  Modification time never checked.
#  File has not been updated.

# Not a target:
PLL_CONFIG.c:
#  Implicit rule search has not been done.
#  Modification time never checked.
#  File has not been updated.

clean:
#  Implicit rule search has not been done.
#  Modification time never checked.
#  File has not been updated.
#  recipe to execute (from 'Makefile', line 70):
	@rm -rf ${COMPILER} ${wildcard *~}

# Not a target:
e:\msys\micro\10 2021.10\arm-none-eabi\include\machine\stdlib.h:
#  Implicit rule search has not been done.
#  Modification time never checked.
#  File has not been updated.

# Not a target:
gcc/GPIO.d:
#  Implicit rule search has been done.
#  Last modified 2022-10-25 13:25:14.5300194
#  File has been updated.
#  Successfully updated.

gcc/SysTick_Init.o: SysTick_Init.c lib/include.h e:\msys\micro\10 2021.10\lib\gcc\arm-none-eabi\10.3.1\include\stdint.h e:\msys\micro\10 2021.10\arm-none-eabi\include\stdint.h e:\msys\micro\10 2021.10\arm-none-eabi\include\machine\_default_types.h e:\msys\micro\10 2021.10\arm-none-eabi\include\sys\features.h e:\msys\micro\10 2021.10\arm-none-eabi\include\_newlib_version.h e:\msys\micro\10 2021.10\arm-none-eabi\include\sys\_intsup.h e:\msys\micro\10 2021.10\arm-none-eabi\include\sys\_stdint.h e:\msys\micro\10 2021.10\lib\gcc\arm-none-eabi\10.3.1\include\stdbool.h e:\msys\micro\10 2021.10\arm-none-eabi\include\stdlib.h e:\msys\micro\10 2021.10\arm-none-eabi\include\machine\ieeefp.h e:\msys\micro\10 2021.10\arm-none-eabi\include\_ansi.h e:\msys\micro\10 2021.10\arm-none-eabi\include\newlib.h e:\msys\micro\10 2021.10\arm-none-eabi\include\sys\config.h e:\msys\micro\10 2021.10\lib\gcc\arm-none-eabi\10.3.1\include\stddef.h e:\msys\micro\10 2021.10\arm-none-eabi\include\sys\reent.h e:\msys\micro\10 2021.10\arm-none-eabi\include\_ansi.h e:\msys\micro\10 2021.10\arm-none-eabi\include\sys\_types.h e:\msys\micro\10 2021.10\arm-none-eabi\include\machine\_types.h e:\msys\micro\10 2021.10\arm-none-eabi\include\sys\lock.h e:\msys\micro\10 2021.10\arm-none-eabi\include\sys\cdefs.h e:\msys\micro\10 2021.10\arm-none-eabi\include\machine\stdlib.h e:\msys\micro\10 2021.10\arm-none-eabi\include\string.h e:\msys\micro\10 2021.10\arm-none-eabi\include\sys\string.h e:\msys\micro\10 2021.10\arm-none-eabi\include\math.h lib/TM4C123GH6PM.h lib/../CMSIS/Include/core_cm4.h lib/../CMSIS/Include/core_cmInstr.h lib/../CMSIS/Include/core_cmFunc.h lib/../CMSIS/Include/core_cm4_simd.h lib/../lib/system_TM4C123.h lib/GPIO.h lib/PLL_CONFIG.h lib/SysTick_Init.h
#  Implicit rule search has not been done.
#  Modification time never checked.
#  File has not been updated.

# Not a target:
lib/../CMSIS/Include/core_cm4.h:
#  Implicit rule search has not been done.
#  Modification time never checked.
#  File has not been updated.

gcc/startup_gcc.o: startup_gcc.c e:\msys\micro\10 2021.10\lib\gcc\arm-none-eabi\10.3.1\include\stdint.h e:\msys\micro\10 2021.10\arm-none-eabi\include\stdint.h e:\msys\micro\10 2021.10\arm-none-eabi\include\machine\_default_types.h e:\msys\micro\10 2021.10\arm-none-eabi\include\sys\features.h e:\msys\micro\10 2021.10\arm-none-eabi\include\_newlib_version.h e:\msys\micro\10 2021.10\arm-none-eabi\include\sys\_intsup.h e:\msys\micro\10 2021.10\arm-none-eabi\include\sys\_stdint.h lib/hw_nvic.h lib/hw_types.h
#  Implicit rule search has not been done.
#  Modification time never checked.
#  File has not been updated.

# Not a target:
lib/PLL_CONFIG.h:
#  Implicit rule search has not been done.
#  Modification time never checked.
#  File has not been updated.

# Not a target:
e:\msys\micro\10 2021.10\arm-none-eabi\include\machine\_default_types.h:
#  Implicit rule search has not been done.
#  Modification time never checked.
#  File has not been updated.

# Not a target:
.DEFAULT:
#  Implicit rule search has not been done.
#  Modification time never checked.
#  File has not been updated.

all: gcc gcc/main.axf
#  Command line target.
#  Implicit rule search has been done.
#  File does not exist.
#  File has not been updated.

gcc/main.o: main.c main.c lib/include.h e:\msys\micro\10 2021.10\lib\gcc\arm-none-eabi\10.3.1\include\stdint.h e:\msys\micro\10 2021.10\arm-none-eabi\include\stdint.h e:\msys\micro\10 2021.10\arm-none-eabi\include\machine\_default_types.h e:\msys\micro\10 2021.10\arm-none-eabi\include\sys\features.h e:\msys\micro\10 2021.10\arm-none-eabi\include\_newlib_version.h e:\msys\micro\10 2021.10\arm-none-eabi\include\sys\_intsup.h e:\msys\micro\10 2021.10\arm-none-eabi\include\sys\_stdint.h e:\msys\micro\10 2021.10\lib\gcc\arm-none-eabi\10.3.1\include\stdbool.h e:\msys\micro\10 2021.10\arm-none-eabi\include\stdlib.h e:\msys\micro\10 2021.10\arm-none-eabi\include\machine\ieeefp.h e:\msys\micro\10 2021.10\arm-none-eabi\include\_ansi.h e:\msys\micro\10 2021.10\arm-none-eabi\include\newlib.h e:\msys\micro\10 2021.10\arm-none-eabi\include\sys\config.h e:\msys\micro\10 2021.10\lib\gcc\arm-none-eabi\10.3.1\include\stddef.h e:\msys\micro\10 2021.10\arm-none-eabi\include\sys\reent.h e:\msys\micro\10 2021.10\arm-none-eabi\include\_ansi.h e:\msys\micro\10 2021.10\arm-none-eabi\include\sys\_types.h e:\msys\micro\10 2021.10\arm-none-eabi\include\machine\_types.h e:\msys\micro\10 2021.10\arm-none-eabi\include\sys\lock.h e:\msys\micro\10 2021.10\arm-none-eabi\include\sys\cdefs.h e:\msys\micro\10 2021.10\arm-none-eabi\include\machine\stdlib.h e:\msys\micro\10 2021.10\arm-none-eabi\include\string.h e:\msys\micro\10 2021.10\arm-none-eabi\include\sys\string.h e:\msys\micro\10 2021.10\arm-none-eabi\include\math.h lib/TM4C123GH6PM.h lib/../CMSIS/Include/core_cm4.h lib/../CMSIS/Include/core_cmInstr.h lib/../CMSIS/Include/core_cmFunc.h lib/../CMSIS/Include/core_cm4_simd.h lib/../lib/system_TM4C123.h lib/GPIO.h lib/PLL_CONFIG.h lib/SysTick_Init.h
#  Implicit rule search has been done.
#  Implicit/static pattern stem: 'main'
#  Last modified 2022-10-25 13:25:14.6000376
#  File has not been updated.
#  recipe to execute (from 'makedefs', line 174):
	@if [ 'x${VERBOSE}' = x ];                            \
	 then                                                 \
	     echo "  CC    ${<}";                             \
	 else                                                 \
	     echo ${CC} ${CFLAGS} -D${COMPILER} -o ${@} ${<}; \
	 fi
	@${CC} ${CFLAGS} -D${COMPILER} -o ${@} ${<}

gcc/main.axf: gcc/main.o gcc/startup_gcc.o gcc/GPIO.o gcc/PLL_CONFIG.o gcc/SysTick_Init.o main.ld
#  Implicit rule search has been done.
#  Implicit/static pattern stem: 'main'
#  Last modified 2022-10-25 13:25:14.5700292
#  File has not been updated.
#  recipe to execute (from 'makedefs', line 222):
	@if [ 'x${SCATTERgcc_${notdir ${@:.axf=}}}' = x ];                    \
	 then                                                                 \
	     ldname="${ROOT}/build/standalone.ld";                              \
	 else                                                                 \
	     ldname="${SCATTERgcc_${notdir ${@:.axf=}}}";                     \
	 fi;                                                                  \
	 if [ 'x${VERBOSE}' = x ];                                            \
	 then                                                                 \
	     echo "  LD    ${@} ${LNK_SCP}";                                  \
	 else                                                                 \
	     echo ${LD} -T $${ldname}                                         \
	          --entry ${ENTRY_${notdir ${@:.axf=}}}                       \
	          ${LDFLAGSgcc_${notdir ${@:.axf=}}}                          \
	          ${LDFLAGS} -o ${@} $(filter %.o %.a, ${^})                  \
	          '${LIBM}' '${LIBC}' '${LIBGCC}';                            \
	 fi;                                                                  \
	${LD} -T $${ldname}                                                   \
	      --entry ${ENTRY_${notdir ${@:.axf=}}}                           \
	      ${LDFLAGSgcc_${notdir ${@:.axf=}}}                              \
	      ${LDFLAGS} -o ${@} $(filter %.o %.a, ${^})                      \
	      '${LIBM}' '${LIBC}' '${LIBGCC}'
	@${OBJCOPY} -O binary ${@} ${@:.axf=.bin}

# Not a target:
e:\msys\micro\10 2021.10\arm-none-eabi\include\sys\cdefs.h:
#  Implicit rule search has not been done.
#  Modification time never checked.
#  File has not been updated.

gcc:
#  Implicit rule search has not been done.
#  Last modified 2022-10-25 13:25:14.6100438
#  File has been updated.
#  Successfully updated.
#  recipe to execute (from 'Makefile', line 76):
	@mkdir -p ${COMPILER}

# Not a target:
main.c:
#  Implicit rule search has been done.
#  Last modified 2022-10-25 13:25:14.6700567
#  File has been updated.
#  Successfully updated.

# Not a target:
e:\msys\micro\10 2021.10\arm-none-eabi\include\machine\_types.h:
#  Implicit rule search has not been done.
#  Modification time never checked.
#  File has not been updated.

# Not a target:
e:\msys\micro\10 2021.10\arm-none-eabi\include\sys\_stdint.h:
#  Implicit rule search has not been done.
#  Modification time never checked.
#  File has not been updated.

# Not a target:
e:\msys\micro\10 2021.10\arm-none-eabi\include\stdlib.h:
#  Implicit rule search has not been done.
#  Modification time never checked.
#  File has not been updated.

# Not a target:
e:\msys\micro\10 2021.10\arm-none-eabi\include\_ansi.h:
#  Implicit rule search has not been done.
#  Modification time never checked.
#  File has not been updated.

# Not a target:
e:\msys\micro\10 2021.10\arm-none-eabi\include\sys\reent.h:
#  Implicit rule search has not been done.
#  Modification time never checked.
#  File has not been updated.

gcc/GPIO.o: GPIO.c lib/include.h e:\msys\micro\10 2021.10\lib\gcc\arm-none-eabi\10.3.1\include\stdint.h e:\msys\micro\10 2021.10\arm-none-eabi\include\stdint.h e:\msys\micro\10 2021.10\arm-none-eabi\include\machine\_default_types.h e:\msys\micro\10 2021.10\arm-none-eabi\include\sys\features.h e:\msys\micro\10 2021.10\arm-none-eabi\include\_newlib_version.h e:\msys\micro\10 2021.10\arm-none-eabi\include\sys\_intsup.h e:\msys\micro\10 2021.10\arm-none-eabi\include\sys\_stdint.h e:\msys\micro\10 2021.10\lib\gcc\arm-none-eabi\10.3.1\include\stdbool.h e:\msys\micro\10 2021.10\arm-none-eabi\include\stdlib.h e:\msys\micro\10 2021.10\arm-none-eabi\include\machine\ieeefp.h e:\msys\micro\10 2021.10\arm-none-eabi\include\_ansi.h e:\msys\micro\10 2021.10\arm-none-eabi\include\newlib.h e:\msys\micro\10 2021.10\arm-none-eabi\include\sys\config.h e:\msys\micro\10 2021.10\lib\gcc\arm-none-eabi\10.3.1\include\stddef.h e:\msys\micro\10 2021.10\arm-none-eabi\include\sys\reent.h e:\msys\micro\10 2021.10\arm-none-eabi\include\_ansi.h e:\msys\micro\10 2021.10\arm-none-eabi\include\sys\_types.h e:\msys\micro\10 2021.10\arm-none-eabi\include\machine\_types.h e:\msys\micro\10 2021.10\arm-none-eabi\include\sys\lock.h e:\msys\micro\10 2021.10\arm-none-eabi\include\sys\cdefs.h e:\msys\micro\10 2021.10\arm-none-eabi\include\machine\stdlib.h e:\msys\micro\10 2021.10\arm-none-eabi\include\string.h e:\msys\micro\10 2021.10\arm-none-eabi\include\sys\string.h e:\msys\micro\10 2021.10\arm-none-eabi\include\math.h lib/TM4C123GH6PM.h lib/../CMSIS/Include/core_cm4.h lib/../CMSIS/Include/core_cmInstr.h lib/../CMSIS/Include/core_cmFunc.h lib/../CMSIS/Include/core_cm4_simd.h lib/../lib/system_TM4C123.h lib/GPIO.h lib/PLL_CONFIG.h lib/SysTick_Init.h
#  Implicit rule search has not been done.
#  Modification time never checked.
#  File has not been updated.

# Not a target:
lib/../lib/system_TM4C123.h:
#  Implicit rule search has not been done.
#  Modification time never checked.
#  File has not been updated.

# Not a target:
e:\msys\micro\10 2021.10\arm-none-eabi\include\sys\_intsup.h:
#  Implicit rule search has not been done.
#  Modification time never checked.
#  File has not been updated.

# Not a target:
startup_gcc.c:
#  Implicit rule search has not been done.
#  Modification time never checked.
#  File has not been updated.

# Not a target:
e:\msys\micro\10 2021.10\arm-none-eabi\include\sys\config.h:
#  Implicit rule search has not been done.
#  Modification time never checked.
#  File has not been updated.

# Not a target:
e:\msys\micro\10 2021.10\lib\gcc\arm-none-eabi\10.3.1\include\stdbool.h:
#  Implicit rule search has not been done.
#  Modification time never checked.
#  File has not been updated.

# Not a target:
e:\msys\micro\10 2021.10\arm-none-eabi\include\stdint.h:
#  Implicit rule search has not been done.
#  Modification time never checked.
#  File has not been updated.

# Not a target:
lib/../CMSIS/Include/core_cmFunc.h:
#  Implicit rule search has not been done.
#  Modification time never checked.
#  File has not been updated.

# Not a target:
gcc/startup_gcc.d:
#  Implicit rule search has been done.
#  Last modified 2022-10-25 13:25:14.6000376
#  File has been updated.
#  Successfully updated.

# Not a target:
lib/../CMSIS/Include/core_cm4_simd.h:
#  Implicit rule search has not been done.
#  Modification time never checked.
#  File has not been updated.

# Not a target:
e:\msys\micro\10 2021.10\arm-none-eabi\include\machine\ieeefp.h:
#  Implicit rule search has not been done.
#  Modification time never checked.
#  File has not been updated.

# Not a target:
lib/hw_types.h:
#  Implicit rule search has not been done.
#  Modification time never checked.
#  File has not been updated.

# Not a target:
e:\msys\micro\10 2021.10\arm-none-eabi\include\sys\features.h:
#  Implicit rule search has not been done.
#  Modification time never checked.
#  File has not been updated.

# Not a target:
lib/../CMSIS/Include/core_cmInstr.h:
#  Implicit rule search has not been done.
#  Modification time never checked.
#  File has not been updated.

# Not a target:
lib/SysTick_Init.h:
#  Implicit rule search has not been done.
#  Modification time never checked.
#  File has not been updated.

gcc/PLL_CONFIG.o: PLL_CONFIG.c lib/include.h e:\msys\micro\10 2021.10\lib\gcc\arm-none-eabi\10.3.1\include\stdint.h e:\msys\micro\10 2021.10\arm-none-eabi\include\stdint.h e:\msys\micro\10 2021.10\arm-none-eabi\include\machine\_default_types.h e:\msys\micro\10 2021.10\arm-none-eabi\include\sys\features.h e:\msys\micro\10 2021.10\arm-none-eabi\include\_newlib_version.h e:\msys\micro\10 2021.10\arm-none-eabi\include\sys\_intsup.h e:\msys\micro\10 2021.10\arm-none-eabi\include\sys\_stdint.h e:\msys\micro\10 2021.10\lib\gcc\arm-none-eabi\10.3.1\include\stdbool.h e:\msys\micro\10 2021.10\arm-none-eabi\include\stdlib.h e:\msys\micro\10 2021.10\arm-none-eabi\include\machine\ieeefp.h e:\msys\micro\10 2021.10\arm-none-eabi\include\_ansi.h e:\msys\micro\10 2021.10\arm-none-eabi\include\newlib.h e:\msys\micro\10 2021.10\arm-none-eabi\include\sys\config.h e:\msys\micro\10 2021.10\lib\gcc\arm-none-eabi\10.3.1\include\stddef.h e:\msys\micro\10 2021.10\arm-none-eabi\include\sys\reent.h e:\msys\micro\10 2021.10\arm-none-eabi\include\_ansi.h e:\msys\micro\10 2021.10\arm-none-eabi\include\sys\_types.h e:\msys\micro\10 2021.10\arm-none-eabi\include\machine\_types.h e:\msys\micro\10 2021.10\arm-none-eabi\include\sys\lock.h e:\msys\micro\10 2021.10\arm-none-eabi\include\sys\cdefs.h e:\msys\micro\10 2021.10\arm-none-eabi\include\machine\stdlib.h e:\msys\micro\10 2021.10\arm-none-eabi\include\string.h e:\msys\micro\10 2021.10\arm-none-eabi\include\sys\string.h e:\msys\micro\10 2021.10\arm-none-eabi\include\math.h lib/TM4C123GH6PM.h lib/../CMSIS/Include/core_cm4.h lib/../CMSIS/Include/core_cmInstr.h lib/../CMSIS/Include/core_cmFunc.h lib/../CMSIS/Include/core_cm4_simd.h lib/../lib/system_TM4C123.h lib/GPIO.h lib/PLL_CONFIG.h lib/SysTick_Init.h
#  Implicit rule search has not been done.
#  Modification time never checked.
#  File has not been updated.

# Not a target:
__dummy__:
#  Implicit rule search has been done.
#  File does not exist.
#  File has been updated.
#  Failed to be updated.

# Not a target:
main.ld:
#  Implicit rule search has not been done.
#  Modification time never checked.
#  File has not been updated.

# Not a target:
e:\msys\micro\10 2021.10\arm-none-eabi\include\math.h:
#  Implicit rule search has not been done.
#  Modification time never checked.
#  File has not been updated.

# files hash-table stats:
# Load=61/1024=6%, Rehash=0, Collisions=12/261=5%
# VPATH Search Paths

# No 'vpath' search paths.

# General ('VPATH' variable) search path:
# ../drivers:../../../utils

# strcache buffers: 1 (0) / strings = 92 / storage = 2269 B / avg = 24 B
# current buf: size = 8162 B / used = 2269 B / count = 92 / avg = 24 B

# strcache performance: lookups = 266 / hit rate = 65%
# hash-table stats:
# Load=92/8192=1%, Rehash=0, Collisions=0/266=0%
# Finished Make data base on Tue Oct 25 13:25:57 2022

 
